<?xml version="1.0" encoding="UTF-8"?>
<!-- Generated by org.testng.reporters.JUnitReportReporter -->
<testsuite hostname="MacBook-Pro-Maxim.local" failures="0" tests="1" name="ro.maxbet.testsAgent.BettingPageTest" time="44.939" errors="0" timestamp="2024-02-07T13:12:23 EET" skipped="0">
  <testcase classname="ro.maxbet.testsAgent.BettingPageTest" name="openBettingPage" time="44.939"/>
</testsuite> <!-- ro.maxbet.testsAgent.BettingPageTest -->
